[debug] [2017-09-09T10:27:24.032Z] ----------------------------------------------------------------------
[debug] [2017-09-09T10:27:24.035Z] Command:       /usr/local/bin/node /usr/local/bin/firebase deploy
[debug] [2017-09-09T10:27:24.035Z] CLI Version:   3.10.0
[debug] [2017-09-09T10:27:24.035Z] Platform:      darwin
[debug] [2017-09-09T10:27:24.035Z] Node Version:  v6.9.5
[debug] [2017-09-09T10:27:24.036Z] Time:          Sat Sep 09 2017 18:27:24 GMT+0800 (+08)
[debug] [2017-09-09T10:27:24.036Z] ----------------------------------------------------------------------
[debug] 
[debug] [2017-09-09T10:27:24.049Z] > command requires scopes: ["email","openid","https://www.googleapis.com/auth/cloudplatformprojects.readonly","https://www.googleapis.com/auth/firebase","https://www.googleapis.com/auth/cloud-platform"]
[debug] [2017-09-09T10:27:24.049Z] > authorizing via signed-in user
[debug] [2017-09-09T10:27:24.052Z] >>> HTTP REQUEST GET https://admin.firebase.com/v1/projects/temp-system  
 Sat Sep 09 2017 18:27:24 GMT+0800 (+08)
[debug] [2017-09-09T10:27:25.269Z] <<< HTTP RESPONSE 200
[debug] [2017-09-09T10:27:25.270Z] >>> HTTP REQUEST GET https://admin.firebase.com/v1/database/temp-system/tokens  
 Sat Sep 09 2017 18:27:25 GMT+0800 (+08)
[debug] [2017-09-09T10:27:26.087Z] <<< HTTP RESPONSE 200
[info] 
[info] === Deploying to 'temp-system'...
[info] 
[info] i  deploying database, hosting
[info] ✔  database: rules ready to deploy.
[info] i  hosting: preparing dist directory for upload...
[debug] [2017-09-09T10:27:28.502Z] >>> HTTP REQUEST PUT https://deploy.firebase.com/v1/hosting/temp-system/uploads/-KtaAVtt_TtfzqeEH6ZO?fileCount=15&message=  
 Sat Sep 09 2017 18:27:28 GMT+0800 (+08)
[debug] [2017-09-09T10:27:35.841Z] <<< HTTP RESPONSE 200
[debug] [2017-09-09T10:27:35.841Z] [hosting] .tgz uploaded successfully, waiting for extraction
